<?xml version="1.0" encoding="UTF-8"?>
<!-- Generated by org.testng.reporters.JUnitReportReporter -->
<testsuite hostname="A" failures="0" tests="2" name="Automation.Launch_browser" time="40.516" errors="0" timestamp="2024-03-01T02:20:20 IST" skipped="0">
  <testcase classname="Automation.Launch_browser" name="LoginwithValidCredentials" time="19.471"/>
  <system-out/>
  <testcase classname="Automation.Launch_browser" name="LoginWithValidUsernameInvalidPassword" time="21.045"/>
  <system-out/>
</testsuite> <!-- Automation.Launch_browser -->
